<?xml version="1.0" encoding="UTF-8"?>
<!-- Generated by org.testng.reporters.JUnitReportReporter -->
<testsuite hostname="DESKTOP-LUDDV9N" failures="0" tests="3" name="testng.parameterization.Data_ProviderExample" time="48.865" errors="0" timestamp="2025-05-27T16:30:34 IST" skipped="0">
  <testcase classname="testng.parameterization.Data_ProviderExample" name="dataProviderExample" time="18.910"/>
  <testcase classname="testng.parameterization.Data_ProviderExample" name="dataProviderExample" time="15.149"/>
  <testcase classname="testng.parameterization.Data_ProviderExample" name="dataProviderExample" time="14.806"/>
</testsuite> <!-- testng.parameterization.Data_ProviderExample -->
